24-12-19 15:02:28.964 INFO  ConfigServer                         - [LAY-00050] ###################################################################
24-12-19 15:02:28.975 INFO  ConfigServer                         - [LAY-00050] #        Layline Config Server 2.1.1 (2024-12-13 13:16:36)        #
24-12-19 15:02:28.975 INFO  ConfigServer                         - [LAY-00050] #                                                                 #
24-12-19 15:02:28.975 INFO  ConfigServer                         - [LAY-00050] #  Copyright (C) 2018-2024  layline.io GmbH <https://layline.io>  #
24-12-19 15:02:28.975 INFO  ConfigServer                         - [LAY-00050] ###################################################################
24-12-19 15:02:30.310 INFO  ConfigServer.SecurityStorage         - [LAY-12200] starting the security storage
24-12-19 15:02:30.421 INFO  ConfigServer.Plugins                 - [LAY-00321] successfully registered plugin 's3' ('io.layline.config.plugin.common.s3.PluginFactory')
24-12-19 15:02:30.424 INFO  ConfigServer.Plugins                 - [LAY-00321] successfully registered plugin 'ftp' ('io.layline.config.plugin.common.ftp.FtpPluginFactory')
24-12-19 15:02:30.426 INFO  ConfigServer.Plugins                 - [LAY-00321] successfully registered plugin 'processor_mapping' ('io.layline.config.plugin.processor.mapping.PluginFactory')
24-12-19 15:02:30.428 INFO  ConfigServer.Plugins                 - [LAY-00321] successfully registered plugin 'event_bridge' ('io.layline.config.plugin.common.event_bridge.PluginFactory')
24-12-19 15:02:30.430 INFO  ConfigServer.Plugins                 - [LAY-00321] successfully registered plugin 'smb' ('io.layline.config.plugin.common.smb.SmbPluginFactory')
24-12-19 15:02:30.430 INFO  ConfigServer.Plugins                 - [LAY-00321] successfully registered plugin 'google_cloud' ('io.layline.config.plugin.common.gc.PluginFactory')
24-12-19 15:02:30.435 INFO  ConfigServer.Plugins                 - [LAY-00321] successfully registered plugin 'webdav' ('io.layline.config.plugin.common.webdav.WebdavPluginFactory')
24-12-19 15:02:30.440 INFO  ConfigServer                         - [LAY-10016] starting the configuration server root actor
24-12-19 15:02:30.471 INFO  ConfigServer.Plugins                 - [LAY-00321] successfully registered plugin 'format_asn1' ('io.layline.config.plugin.format.asn1.PluginFactory')
24-12-19 15:02:30.475 INFO  ConfigServer.Plugins                 - [LAY-00321] successfully registered plugin 'format_generic' ('io.layline.config.plugin.format.generic.PluginFactory')
24-12-19 15:02:30.477 INFO  ConfigServer.Plugins                 - [LAY-00321] successfully registered plugin 'kinesis' ('io.layline.config.plugin.common.kinesis.PluginFactory')
24-12-19 15:02:30.479 INFO  ConfigServer.Plugins                 - [LAY-00321] successfully registered plugin 'sqs' ('io.layline.config.plugin.common.sqs.PluginFactory')
24-12-19 15:02:30.482 INFO  ConfigServer.Plugins                 - [LAY-00321] successfully registered plugin 'xml' ('io.layline.config.plugin.common.xml.PluginFactory')
24-12-19 15:02:30.484 INFO  ConfigServer.Plugins                 - [LAY-00321] successfully registered plugin 'hazelcast' ('io.layline.config.plugin.common.hazelcast.PluginFactory')
24-12-19 15:02:30.486 INFO  ConfigServer.Plugins                 - [LAY-00321] successfully registered plugin 'kafka' ('io.layline.config.plugin.common.kafka.KafkaPluginFactory')
24-12-19 15:02:30.488 INFO  ConfigServer.Plugins                 - [LAY-00321] successfully registered plugin 'sns' ('io.layline.config.plugin.common.sns.PluginFactory')
24-12-19 15:02:30.490 INFO  ConfigServer.Plugins                 - [LAY-00321] successfully registered plugin 'aws' ('io.layline.config.plugin.common.aws.PluginFactory')
24-12-19 15:02:30.492 INFO  ConfigServer.Plugins                 - [LAY-00321] successfully registered plugin 'soap' ('io.layline.config.plugin.common.soap.PluginFactory')
24-12-19 15:02:30.791 INFO  ConfigServer.RestServer              - [LAY-00360] rest server is listening on address http://0.0.0.0:5841
24-12-19 15:02:30.792 INFO  ConfigServer                         - [LAY-10018] layline configuration server is up and running ...
24-12-19 15:02:31.002 INFO  ConfigServer.SecurityStorage         - [LAY-12248] recovery of the oauth storage completed (0 token(s) loaded)
24-12-19 15:02:31.055 INFO  ConfigServer.SecurityStorage         - [LAY-12203] recovery of the security storage completed (1 RSA key(s) loaded)
24-12-19 15:02:31.075 INFO  ConfigServer.UserStorage             - [LAY-12303] recovery of the user storage completed (1 user(s) loaded)
